{"level":"error","ts":1697038696.834174,"msg":"mysql init failed, err:%vError 1049 (42000): Unknown database 'douyin'"}
{"level":"debug","ts":1697039007.248317,"msg":"HERTZ: Method=GET    absolutePath=/ping                     --> handlerName=douyin/router.Setup.func1 (num=2 handlers)"}
{"level":"debug","ts":1697039007.24897,"msg":"HERTZ: Method=GET    absolutePath=/douyin/feed              --> handlerName=douyin/controller.Feed (num=2 handlers)"}
{"level":"info","ts":1697039007.249151,"msg":"HERTZ: Using network library=netpoll"}
{"level":"info","ts":1697039007.2493281,"msg":"HERTZ: HTTP server listening on address=127.0.0.1:8888"}
{"level":"error","ts":1697039145.5475268,"msg":"mysql.GetUserByIDs: 查询数据库失败"}
{"level":"error","ts":1697039145.548689,"msg":"mysql.GetVideoList: 通过作者id查询作者信息"}
{"level":"error","ts":1697039145.5487418,"msg":"service.Feed: 查询视频列表失败"}
{"level":"error","ts":1697039145.5488782,"msg":"controller.Feed: 业务逻辑处理失败Error 1064 (42000): You have an error in your SQL syntax; check the manual that corresponds to your MySQL server version for the right syntax to use near ')' at line 1"}
{"level":"info","ts":1697039212.0740879,"msg":"HERTZ: Received signal: interrupt\n"}
{"level":"info","ts":1697039212.07524,"msg":"HERTZ: Begin graceful shutdown, wait at most num=5 seconds..."}
{"level":"info","ts":1697039217.076309,"msg":"HERTZ: Execute OnShutdownHooks timeout: error=context deadline exceeded"}
{"level":"debug","ts":1697039469.9689732,"msg":"HERTZ: Method=GET    absolutePath=/ping                     --> handlerName=douyin/router.Setup.func1 (num=2 handlers)"}
{"level":"debug","ts":1697039469.969803,"msg":"HERTZ: Method=GET    absolutePath=/douyin/feed              --> handlerName=douyin/controller.Feed (num=2 handlers)"}
{"level":"info","ts":1697039469.9699662,"msg":"HERTZ: Using network library=netpoll"}
{"level":"info","ts":1697039469.970133,"msg":"HERTZ: HTTP server listening on address=127.0.0.1:8888"}
{"level":"error","ts":1697039478.268202,"msg":"service.Feed: 解析请求失败"}
{"level":"error","ts":1697039478.268354,"msg":"controller.Feed: 业务逻辑处理失败strconv.ParseInt: parsing \"2023-10-11 23:51:18\": invalid syntax"}
{"level":"info","ts":1697039685.7834198,"msg":"HERTZ: Received signal: interrupt\n"}
{"level":"info","ts":1697039685.78366,"msg":"HERTZ: Begin graceful shutdown, wait at most num=5 seconds..."}
{"level":"info","ts":1697039685.783917,"msg":"HERTZ: Execute OnShutdownHooks finish"}
{"level":"debug","ts":1697039838.9533598,"msg":"HERTZ: Method=GET    absolutePath=/ping                     --> handlerName=douyin/router.Setup.func1 (num=2 handlers)"}
{"level":"debug","ts":1697039838.954454,"msg":"HERTZ: Method=GET    absolutePath=/douyin/feed              --> handlerName=douyin/controller.Feed (num=2 handlers)"}
{"level":"info","ts":1697039838.95457,"msg":"HERTZ: Using network library=netpoll"}
{"level":"info","ts":1697039838.9546611,"msg":"HERTZ: HTTP server listening on address=127.0.0.1:8888"}
{"level":"error","ts":1697039851.2627351,"msg":"mysql.GetUserByIDs: 查询数据库失败"}
{"level":"error","ts":1697039851.262881,"msg":"mysql.GetVideoList: 通过作者id查询作者信息"}
{"level":"error","ts":1697039851.262922,"msg":"service.Feed: 查询视频列表失败"}
{"level":"error","ts":1697039851.263042,"msg":"controller.Feed: 业务逻辑处理失败Error 1064 (42000): You have an error in your SQL syntax; check the manual that corresponds to your MySQL server version for the right syntax to use near ')' at line 1"}
{"level":"info","ts":1697039939.7371452,"msg":"HERTZ: Received signal: interrupt\n"}
{"level":"info","ts":1697039939.737257,"msg":"HERTZ: Begin graceful shutdown, wait at most num=5 seconds..."}
{"level":"info","ts":1697039944.738672,"msg":"HERTZ: Execute OnShutdownHooks finish"}
{"level":"debug","ts":1697039964.81768,"msg":"HERTZ: Method=GET    absolutePath=/ping                     --> handlerName=douyin/router.Setup.func1 (num=2 handlers)"}
{"level":"debug","ts":1697039964.8179042,"msg":"HERTZ: Method=GET    absolutePath=/douyin/feed              --> handlerName=douyin/controller.Feed (num=2 handlers)"}
{"level":"info","ts":1697039964.818039,"msg":"HERTZ: Using network library=netpoll"}
{"level":"info","ts":1697039964.818126,"msg":"HERTZ: HTTP server listening on address=127.0.0.1:8888"}
{"level":"error","ts":1697039969.9052129,"msg":"mysql.GetUserByIDs: 查询数据库失败"}
{"level":"error","ts":1697039969.9052858,"msg":"mysql.GetVideoList: 通过作者id查询作者信息"}
{"level":"error","ts":1697039969.905303,"msg":"service.Feed: 查询视频列表失败"}
{"level":"error","ts":1697039969.905345,"msg":"controller.Feed: 业务逻辑处理失败Error 1064 (42000): You have an error in your SQL syntax; check the manual that corresponds to your MySQL server version for the right syntax to use near ')' at line 1"}
{"level":"info","ts":1697040301.816134,"msg":"HERTZ: Received signal: interrupt\n"}
{"level":"info","ts":1697040301.816332,"msg":"HERTZ: Begin graceful shutdown, wait at most num=5 seconds..."}
{"level":"info","ts":1697040301.816566,"msg":"HERTZ: Execute OnShutdownHooks finish"}
